{"simTime":0,"timestamp":"2026-03-01T04:00:00Z","event":"RouterTick","duration":0,"data":{}}
{"simTime":900,"timestamp":"2026-03-01T04:15:00Z","event":"RouterTick","duration":0,"data":{}}
{"simTime":1800,"timestamp":"2026-03-01T04:30:00Z","event":"RouterTick","duration":0,"data":{}}
{"simTime":2700,"timestamp":"2026-03-01T04:45:00Z","event":"RouterTick","duration":0,"data":{}}
{"simTime":3600,"timestamp":"2026-03-01T05:00:00Z","event":"RouterTick","duration":0,"data":{}}
{"simTime":4500,"timestamp":"2026-03-01T05:15:00Z","event":"RouterTick","duration":0,"data":{}}
{"simTime":5400,"timestamp":"2026-03-01T05:30:00Z","event":"RouterTick","duration":0,"data":{}}
{"simTime":6300,"timestamp":"2026-03-01T05:45:00Z","event":"RouterTick","duration":0,"data":{}}
{"simTime":7200,"timestamp":"2026-03-01T06:00:00Z","event":"PortOpens","duration":0,"data":{"portId":"Port-1","handlingFlags":[],"gridId":"AS1","fromBreak":false}}
{"simTime":7200,"timestamp":"2026-03-01T06:00:00Z","event":"RouterTick","duration":0,"data":{}}
{"simTime":7200,"timestamp":"2026-03-01T06:00:00Z","event":"PortOpens","duration":0,"data":{"portId":"Port-3","handlingFlags":["fragile"],"gridId":"AS1","fromBreak":false}}
{"simTime":7200,"timestamp":"2026-03-01T06:00:00Z","event":"PortOpens","duration":0,"data":{"portId":"Port-2","handlingFlags":["priority"],"gridId":"AS1","fromBreak":false}}
{"simTime":8100,"timestamp":"2026-03-01T06:15:00Z","event":"RouterTick","duration":0,"data":{}}
{"simTime":9000,"timestamp":"2026-03-01T06:30:00Z","event":"RouterTick","duration":0,"data":{}}
{"simTime":9900,"timestamp":"2026-03-01T06:45:00Z","event":"RouterTick","duration":0,"data":{}}
{"simTime":10800,"timestamp":"2026-03-01T07:00:00Z","event":"RouterTick","duration":0,"data":{}}
{"simTime":11700,"timestamp":"2026-03-01T07:15:00Z","event":"RouterTick","duration":0,"data":{}}
{"simTime":12600,"timestamp":"2026-03-01T07:30:00Z","event":"RouterTick","duration":0,"data":{}}
{"simTime":13500,"timestamp":"2026-03-01T07:45:00Z","event":"RouterTick","duration":0,"data":{}}
{"simTime":14400,"timestamp":"2026-03-01T08:00:00Z","event":"ShipmentReceived","duration":0,"data":{"shipmentId":"S001"}}
{"simTime":14400,"timestamp":"2026-03-01T08:00:00Z","event":"ShipmentReceived","duration":0,"data":{"shipmentId":"S002"}}
{"simTime":14400,"timestamp":"2026-03-01T08:00:00Z","event":"RouterTick","duration":0,"data":{}}
{"simTime":14400,"timestamp":"2026-03-01T08:00:00Z","event":"ShipmentIsReady","duration":0,"data":{"shipmentId":"S001"}}
{"simTime":14400,"timestamp":"2026-03-01T08:00:00Z","event":"PortStartsShipment","duration":0,"data":{"gridId":"AS1","portId":"Port-3"}}
{"simTime":14400,"timestamp":"2026-03-01T08:00:00Z","event":"BinRequestedAtPort","duration":0,"data":{"gridId":"AS1","binId":"BIN-001","portId":"Port-3"}}
{"simTime":14400,"timestamp":"2026-03-01T08:00:00Z","event":"ShipmentIsReady","duration":0,"data":{"shipmentId":"S002"}}
{"simTime":14400,"timestamp":"2026-03-01T08:00:00Z","event":"PortStartsShipment","duration":0,"data":{"gridId":"AS1","portId":"Port-2"}}
{"simTime":14406,"timestamp":"2026-03-01T08:00:06Z","event":"BinArrivesAtPort","duration":6,"data":{"binId":"BIN-001"}}
{"simTime":14434,"timestamp":"2026-03-01T08:00:34Z","event":"BinPickCompleted","duration":28,"data":{"shipmentId":"S001","binId":"BIN-001"}}
{"simTime":14434,"timestamp":"2026-03-01T08:00:34Z","event":"BinRequestedAtPort","duration":0,"data":{"gridId":"AS1","binId":"BIN-001","portId":"Port-2"}}
{"simTime":14434,"timestamp":"2026-03-01T08:00:34Z","event":"ShipmentPacked","duration":28,"data":{"shipmentId":"S001"}}
{"simTime":14441,"timestamp":"2026-03-01T08:00:41Z","event":"BinArrivesAtPort","duration":7,"data":{"binId":"BIN-001"}}
{"simTime":14466,"timestamp":"2026-03-01T08:01:06Z","event":"BinPickCompleted","duration":25,"data":{"shipmentId":"S002","binId":"BIN-001"}}
{"simTime":14466,"timestamp":"2026-03-01T08:01:06Z","event":"ShipmentPacked","duration":25,"data":{"shipmentId":"S002"}}
{"simTime":15300,"timestamp":"2026-03-01T08:15:00Z","event":"RouterTick","duration":0,"data":{}}
{"simTime":16200,"timestamp":"2026-03-01T08:30:00Z","event":"RouterTick","duration":0,"data":{}}
{"simTime":17100,"timestamp":"2026-03-01T08:45:00Z","event":"RouterTick","duration":0,"data":{}}
{"simTime":18000,"timestamp":"2026-03-01T09:00:00Z","event":"PortCloses","duration":0,"data":{"portId":"Port-2","handlingFlags":["priority"],"gridId":"AS1","intoBreak":true}}
{"simTime":18000,"timestamp":"2026-03-01T09:00:00Z","event":"PortCloses","duration":0,"data":{"portId":"Port-3","handlingFlags":["fragile"],"gridId":"AS1","intoBreak":true}}
{"simTime":18000,"timestamp":"2026-03-01T09:00:00Z","event":"RouterTick","duration":0,"data":{}}
{"simTime":18000,"timestamp":"2026-03-01T09:00:00Z","event":"PortCloses","duration":0,"data":{"portId":"Port-1","handlingFlags":[],"gridId":"AS1","intoBreak":true}}
{"simTime":18900,"timestamp":"2026-03-01T09:15:00Z","event":"RouterTick","duration":0,"data":{}}
{"simTime":19200,"timestamp":"2026-03-01T09:20:00Z","event":"PortOpens","duration":0,"data":{"portId":"Port-1","handlingFlags":[],"gridId":"AS1","fromBreak":true}}
{"simTime":19200,"timestamp":"2026-03-01T09:20:00Z","event":"PortOpens","duration":0,"data":{"portId":"Port-2","handlingFlags":["priority"],"gridId":"AS1","fromBreak":true}}
{"simTime":19200,"timestamp":"2026-03-01T09:20:00Z","event":"PortOpens","duration":0,"data":{"portId":"Port-3","handlingFlags":["fragile"],"gridId":"AS1","fromBreak":true}}
{"simTime":19800,"timestamp":"2026-03-01T09:30:00Z","event":"RouterTick","duration":0,"data":{}}
{"simTime":20700,"timestamp":"2026-03-01T09:45:00Z","event":"RouterTick","duration":0,"data":{}}
{"simTime":21600,"timestamp":"2026-03-01T10:00:00Z","event":"RouterTick","duration":0,"data":{}}
{"simTime":22500,"timestamp":"2026-03-01T10:15:00Z","event":"RouterTick","duration":0,"data":{}}
{"simTime":23400,"timestamp":"2026-03-01T10:30:00Z","event":"RouterTick","duration":0,"data":{}}
{"simTime":24300,"timestamp":"2026-03-01T10:45:00Z","event":"RouterTick","duration":0,"data":{}}
{"simTime":25200,"timestamp":"2026-03-01T11:00:00Z","event":"RouterTick","duration":0,"data":{}}
{"simTime":26100,"timestamp":"2026-03-01T11:15:00Z","event":"RouterTick","duration":0,"data":{}}
{"simTime":27000,"timestamp":"2026-03-01T11:30:00Z","event":"RouterTick","duration":0,"data":{}}
{"simTime":27900,"timestamp":"2026-03-01T11:45:00Z","event":"RouterTick","duration":0,"data":{}}
{"simTime":28800,"timestamp":"2026-03-01T12:00:00Z","event":"RouterTick","duration":0,"data":{}}
{"simTime":29700,"timestamp":"2026-03-01T12:15:00Z","event":"RouterTick","duration":0,"data":{}}
{"simTime":30600,"timestamp":"2026-03-01T12:30:00Z","event":"RouterTick","duration":0,"data":{}}
{"simTime":31500,"timestamp":"2026-03-01T12:45:00Z","event":"RouterTick","duration":0,"data":{}}
{"simTime":32400,"timestamp":"2026-03-01T13:00:00Z","event":"RouterTick","duration":0,"data":{}}
{"simTime":33300,"timestamp":"2026-03-01T13:15:00Z","event":"RouterTick","duration":0,"data":{}}
{"simTime":34200,"timestamp":"2026-03-01T13:30:00Z","event":"RouterTick","duration":0,"data":{}}
{"simTime":35100,"timestamp":"2026-03-01T13:45:00Z","event":"RouterTick","duration":0,"data":{}}
{"simTime":36000,"timestamp":"2026-03-01T14:00:00Z","event":"RouterTick","duration":0,"data":{}}
{"simTime":36900,"timestamp":"2026-03-01T14:15:00Z","event":"RouterTick","duration":0,"data":{}}
{"simTime":37800,"timestamp":"2026-03-01T14:30:00Z","event":"RouterTick","duration":0,"data":{}}
{"simTime":38700,"timestamp":"2026-03-01T14:45:00Z","event":"RouterTick","duration":0,"data":{}}
{"simTime":39600,"timestamp":"2026-03-01T15:00:00Z","event":"RouterTick","duration":0,"data":{}}
{"simTime":40500,"timestamp":"2026-03-01T15:15:00Z","event":"RouterTick","duration":0,"data":{}}
{"simTime":41400,"timestamp":"2026-03-01T15:30:00Z","event":"RouterTick","duration":0,"data":{}}
{"simTime":42300,"timestamp":"2026-03-01T15:45:00Z","event":"RouterTick","duration":0,"data":{}}
{"simTime":43200,"timestamp":"2026-03-01T16:00:00Z","event":"RouterTick","duration":0,"data":{}}
{"simTime":44100,"timestamp":"2026-03-01T16:15:00Z","event":"RouterTick","duration":0,"data":{}}
{"simTime":45000,"timestamp":"2026-03-01T16:30:00Z","event":"RouterTick","duration":0,"data":{}}
{"simTime":45900,"timestamp":"2026-03-01T16:45:00Z","event":"RouterTick","duration":0,"data":{}}
{"simTime":46800,"timestamp":"2026-03-01T17:00:00Z","event":"RouterTick","duration":0,"data":{}}
{"simTime":47700,"timestamp":"2026-03-01T17:15:00Z","event":"RouterTick","duration":0,"data":{}}
{"simTime":48600,"timestamp":"2026-03-01T17:30:00Z","event":"RouterTick","duration":0,"data":{}}
{"simTime":49500,"timestamp":"2026-03-01T17:45:00Z","event":"RouterTick","duration":0,"data":{}}
{"simTime":50400,"timestamp":"2026-03-01T18:00:00Z","event":"RouterTick","duration":0,"data":{}}
{"simTime":51300,"timestamp":"2026-03-01T18:15:00Z","event":"RouterTick","duration":0,"data":{}}
{"simTime":52200,"timestamp":"2026-03-01T18:30:00Z","event":"RouterTick","duration":0,"data":{}}
{"simTime":53100,"timestamp":"2026-03-01T18:45:00Z","event":"RouterTick","duration":0,"data":{}}
{"simTime":54000,"timestamp":"2026-03-01T19:00:00Z","event":"RouterTick","duration":0,"data":{}}
{"simTime":54900,"timestamp":"2026-03-01T19:15:00Z","event":"RouterTick","duration":0,"data":{}}
{"simTime":55800,"timestamp":"2026-03-01T19:30:00Z","event":"RouterTick","duration":0,"data":{}}
{"simTime":56700,"timestamp":"2026-03-01T19:45:00Z","event":"RouterTick","duration":0,"data":{}}
{"simTime":57600,"timestamp":"2026-03-01T20:00:00Z","event":"RouterTick","duration":0,"data":{}}
{"simTime":58500,"timestamp":"2026-03-01T20:15:00Z","event":"RouterTick","duration":0,"data":{}}
{"simTime":59400,"timestamp":"2026-03-01T20:30:00Z","event":"RouterTick","duration":0,"data":{}}
{"simTime":60300,"timestamp":"2026-03-01T20:45:00Z","event":"RouterTick","duration":0,"data":{}}
{"simTime":61200,"timestamp":"2026-03-01T21:00:00Z","event":"RouterTick","duration":0,"data":{}}
{"simTime":62100,"timestamp":"2026-03-01T21:15:00Z","event":"RouterTick","duration":0,"data":{}}
{"simTime":63000,"timestamp":"2026-03-01T21:30:00Z","event":"RouterTick","duration":0,"data":{}}
{"simTime":63900,"timestamp":"2026-03-01T21:45:00Z","event":"RouterTick","duration":0,"data":{}}
{"simTime":64800,"timestamp":"2026-03-01T22:00:00Z","event":"RouterTick","duration":0,"data":{}}
{"simTime":65700,"timestamp":"2026-03-01T22:15:00Z","event":"RouterTick","duration":0,"data":{}}
{"simTime":66600,"timestamp":"2026-03-01T22:30:00Z","event":"RouterTick","duration":0,"data":{}}
{"simTime":67500,"timestamp":"2026-03-01T22:45:00Z","event":"RouterTick","duration":0,"data":{}}
{"simTime":68400,"timestamp":"2026-03-01T23:00:00Z","event":"RouterTick","duration":0,"data":{}}
{"simTime":69300,"timestamp":"2026-03-01T23:15:00Z","event":"RouterTick","duration":0,"data":{}}
{"simTime":70200,"timestamp":"2026-03-01T23:30:00Z","event":"RouterTick","duration":0,"data":{}}
{"simTime":71100,"timestamp":"2026-03-01T23:45:00Z","event":"RouterTick","duration":0,"data":{}}
{"simTime":72000,"timestamp":"2026-03-02T00:00:00Z","event":"PortCloses","duration":0,"data":{"portId":"Port-2","handlingFlags":["priority"],"gridId":"AS1","intoBreak":false}}
{"simTime":72000,"timestamp":"2026-03-02T00:00:00Z","event":"PortCloses","duration":0,"data":{"portId":"Port-1","handlingFlags":[],"gridId":"AS1","intoBreak":false}}
{"simTime":72000,"timestamp":"2026-03-02T00:00:00Z","event":"RouterTick","duration":0,"data":{}}
{"simTime":72000,"timestamp":"2026-03-02T00:00:00Z","event":"PortCloses","duration":0,"data":{"portId":"Port-3","handlingFlags":["fragile"],"gridId":"AS1","intoBreak":false}}
{"simTime":72900,"timestamp":"2026-03-02T00:15:00Z","event":"RouterTick","duration":0,"data":{}}
{"simTime":73800,"timestamp":"2026-03-02T00:30:00Z","event":"RouterTick","duration":0,"data":{}}
{"simTime":74700,"timestamp":"2026-03-02T00:45:00Z","event":"RouterTick","duration":0,"data":{}}
{"simTime":75600,"timestamp":"2026-03-02T01:00:00Z","event":"RouterTick","duration":0,"data":{}}
{"simTime":76500,"timestamp":"2026-03-02T01:15:00Z","event":"RouterTick","duration":0,"data":{}}
{"simTime":77400,"timestamp":"2026-03-02T01:30:00Z","event":"RouterTick","duration":0,"data":{}}
{"simTime":78300,"timestamp":"2026-03-02T01:45:00Z","event":"RouterTick","duration":0,"data":{}}
{"simTime":79200,"timestamp":"2026-03-02T02:00:00Z","event":"RouterTick","duration":0,"data":{}}
{"simTime":80100,"timestamp":"2026-03-02T02:15:00Z","event":"RouterTick","duration":0,"data":{}}
{"simTime":81000,"timestamp":"2026-03-02T02:30:00Z","event":"RouterTick","duration":0,"data":{}}
{"simTime":81900,"timestamp":"2026-03-02T02:45:00Z","event":"RouterTick","duration":0,"data":{}}
{"simTime":82800,"timestamp":"2026-03-02T03:00:00Z","event":"RouterTick","duration":0,"data":{}}
{"simTime":83700,"timestamp":"2026-03-02T03:15:00Z","event":"RouterTick","duration":0,"data":{}}
{"simTime":84600,"timestamp":"2026-03-02T03:30:00Z","event":"RouterTick","duration":0,"data":{}}
{"simTime":85500,"timestamp":"2026-03-02T03:45:00Z","event":"RouterTick","duration":0,"data":{}}
{"simTime":86400,"timestamp":"2026-03-02T04:00:00Z","event":"RouterTick","duration":0,"data":{}}
{"simTime":87300,"timestamp":"2026-03-02T04:15:00Z","event":"RouterTick","duration":0,"data":{}}
{"simTime":88200,"timestamp":"2026-03-02T04:30:00Z","event":"RouterTick","duration":0,"data":{}}
{"simTime":89100,"timestamp":"2026-03-02T04:45:00Z","event":"RouterTick","duration":0,"data":{}}
{"simTime":90000,"timestamp":"2026-03-02T05:00:00Z","event":"RouterTick","duration":0,"data":{}}
{"simTime":90900,"timestamp":"2026-03-02T05:15:00Z","event":"RouterTick","duration":0,"data":{}}
{"simTime":91800,"timestamp":"2026-03-02T05:30:00Z","event":"RouterTick","duration":0,"data":{}}
{"simTime":92700,"timestamp":"2026-03-02T05:45:00Z","event":"RouterTick","duration":0,"data":{}}
{"simTime":93600,"timestamp":"2026-03-02T06:00:00Z","event":"PortOpens","duration":0,"data":{"portId":"Port-2","handlingFlags":["priority"],"gridId":"AS1","fromBreak":false}}
{"simTime":93600,"timestamp":"2026-03-02T06:00:00Z","event":"RouterTick","duration":0,"data":{}}
{"simTime":93600,"timestamp":"2026-03-02T06:00:00Z","event":"PortOpens","duration":0,"data":{"portId":"Port-3","handlingFlags":["fragile"],"gridId":"AS1","fromBreak":false}}
{"simTime":93600,"timestamp":"2026-03-02T06:00:00Z","event":"PortOpens","duration":0,"data":{"portId":"Port-1","handlingFlags":[],"gridId":"AS1","fromBreak":false}}
{"simTime":94500,"timestamp":"2026-03-02T06:15:00Z","event":"RouterTick","duration":0,"data":{}}
{"simTime":95400,"timestamp":"2026-03-02T06:30:00Z","event":"RouterTick","duration":0,"data":{}}
{"simTime":96300,"timestamp":"2026-03-02T06:45:00Z","event":"RouterTick","duration":0,"data":{}}
{"simTime":97200,"timestamp":"2026-03-02T07:00:00Z","event":"RouterTick","duration":0,"data":{}}
{"simTime":98100,"timestamp":"2026-03-02T07:15:00Z","event":"RouterTick","duration":0,"data":{}}
{"simTime":99000,"timestamp":"2026-03-02T07:30:00Z","event":"RouterTick","duration":0,"data":{}}
{"simTime":99900,"timestamp":"2026-03-02T07:45:00Z","event":"RouterTick","duration":0,"data":{}}
{"simTime":100800,"timestamp":"2026-03-02T08:00:00Z","event":"RouterTick","duration":0,"data":{}}
{"simTime":101700,"timestamp":"2026-03-02T08:15:00Z","event":"RouterTick","duration":0,"data":{}}
{"simTime":102600,"timestamp":"2026-03-02T08:30:00Z","event":"RouterTick","duration":0,"data":{}}
{"simTime":103500,"timestamp":"2026-03-02T08:45:00Z","event":"RouterTick","duration":0,"data":{}}
{"simTime":104400,"timestamp":"2026-03-02T09:00:00Z","event":"PortCloses","duration":0,"data":{"portId":"Port-1","handlingFlags":[],"gridId":"AS1","intoBreak":true}}
{"simTime":104400,"timestamp":"2026-03-02T09:00:00Z","event":"RouterTick","duration":0,"data":{}}
{"simTime":104400,"timestamp":"2026-03-02T09:00:00Z","event":"PortCloses","duration":0,"data":{"portId":"Port-2","handlingFlags":["priority"],"gridId":"AS1","intoBreak":true}}
{"simTime":104400,"timestamp":"2026-03-02T09:00:00Z","event":"PortCloses","duration":0,"data":{"portId":"Port-3","handlingFlags":["fragile"],"gridId":"AS1","intoBreak":true}}
{"simTime":105300,"timestamp":"2026-03-02T09:15:00Z","event":"RouterTick","duration":0,"data":{}}
{"simTime":105600,"timestamp":"2026-03-02T09:20:00Z","event":"PortOpens","duration":0,"data":{"portId":"Port-3","handlingFlags":["fragile"],"gridId":"AS1","fromBreak":true}}
{"simTime":105600,"timestamp":"2026-03-02T09:20:00Z","event":"PortOpens","duration":0,"data":{"portId":"Port-2","handlingFlags":["priority"],"gridId":"AS1","fromBreak":true}}
{"simTime":105600,"timestamp":"2026-03-02T09:20:00Z","event":"PortOpens","duration":0,"data":{"portId":"Port-1","handlingFlags":[],"gridId":"AS1","fromBreak":true}}
{"simTime":106200,"timestamp":"2026-03-02T09:30:00Z","event":"RouterTick","duration":0,"data":{}}
{"simTime":107100,"timestamp":"2026-03-02T09:45:00Z","event":"RouterTick","duration":0,"data":{}}
{"simTime":108000,"timestamp":"2026-03-02T10:00:00Z","event":"TruckArrival","duration":0,"data":{"shipmentsTakenForShipping":0,"sortingDirection":"dir-1"}}
{"simTime":108000,"timestamp":"2026-03-02T10:00:00Z","event":"RouterTick","duration":0,"data":{}}
{"simTime":108900,"timestamp":"2026-03-02T10:15:00Z","event":"RouterTick","duration":0,"data":{}}
{"simTime":109800,"timestamp":"2026-03-02T10:30:00Z","event":"RouterTick","duration":0,"data":{}}
{"simTime":110700,"timestamp":"2026-03-02T10:45:00Z","event":"RouterTick","duration":0,"data":{}}
{"simTime":111600,"timestamp":"2026-03-02T11:00:00Z","event":"RouterTick","duration":0,"data":{}}
{"simTime":112500,"timestamp":"2026-03-02T11:15:00Z","event":"RouterTick","duration":0,"data":{}}
{"simTime":113400,"timestamp":"2026-03-02T11:30:00Z","event":"RouterTick","duration":0,"data":{}}
{"simTime":114300,"timestamp":"2026-03-02T11:45:00Z","event":"RouterTick","duration":0,"data":{}}
{"simTime":115200,"timestamp":"2026-03-02T12:00:00Z","event":"RouterTick","duration":0,"data":{}}
{"simTime":116100,"timestamp":"2026-03-02T12:15:00Z","event":"RouterTick","duration":0,"data":{}}
{"simTime":117000,"timestamp":"2026-03-02T12:30:00Z","event":"RouterTick","duration":0,"data":{}}
{"simTime":117900,"timestamp":"2026-03-02T12:45:00Z","event":"RouterTick","duration":0,"data":{}}
{"simTime":118800,"timestamp":"2026-03-02T13:00:00Z","event":"RouterTick","duration":0,"data":{}}
{"simTime":119700,"timestamp":"2026-03-02T13:15:00Z","event":"RouterTick","duration":0,"data":{}}
{"simTime":120600,"timestamp":"2026-03-02T13:30:00Z","event":"RouterTick","duration":0,"data":{}}
{"simTime":121500,"timestamp":"2026-03-02T13:45:00Z","event":"RouterTick","duration":0,"data":{}}
{"simTime":122400,"timestamp":"2026-03-02T14:00:00Z","event":"RouterTick","duration":0,"data":{}}
{"simTime":123300,"timestamp":"2026-03-02T14:15:00Z","event":"RouterTick","duration":0,"data":{}}
{"simTime":124200,"timestamp":"2026-03-02T14:30:00Z","event":"RouterTick","duration":0,"data":{}}
{"simTime":125100,"timestamp":"2026-03-02T14:45:00Z","event":"RouterTick","duration":0,"data":{}}
{"simTime":126000,"timestamp":"2026-03-02T15:00:00Z","event":"TruckArrival","duration":0,"data":{"shipmentsTakenForShipping":0,"sortingDirection":"dir-1"}}
{"simTime":126000,"timestamp":"2026-03-02T15:00:00Z","event":"RouterTick","duration":0,"data":{}}
{"simTime":126900,"timestamp":"2026-03-02T15:15:00Z","event":"RouterTick","duration":0,"data":{}}
{"simTime":127800,"timestamp":"2026-03-02T15:30:00Z","event":"RouterTick","duration":0,"data":{}}
{"simTime":128700,"timestamp":"2026-03-02T15:45:00Z","event":"RouterTick","duration":0,"data":{}}
{"simTime":129600,"timestamp":"2026-03-02T16:00:00Z","event":"RouterTick","duration":0,"data":{}}
{"simTime":130500,"timestamp":"2026-03-02T16:15:00Z","event":"RouterTick","duration":0,"data":{}}
{"simTime":131400,"timestamp":"2026-03-02T16:30:00Z","event":"RouterTick","duration":0,"data":{}}
{"simTime":132300,"timestamp":"2026-03-02T16:45:00Z","event":"RouterTick","duration":0,"data":{}}
{"simTime":133200,"timestamp":"2026-03-02T17:00:00Z","event":"RouterTick","duration":0,"data":{}}
{"simTime":134100,"timestamp":"2026-03-02T17:15:00Z","event":"RouterTick","duration":0,"data":{}}
{"simTime":135000,"timestamp":"2026-03-02T17:30:00Z","event":"RouterTick","duration":0,"data":{}}
{"simTime":135900,"timestamp":"2026-03-02T17:45:00Z","event":"RouterTick","duration":0,"data":{}}
{"simTime":136800,"timestamp":"2026-03-02T18:00:00Z","event":"RouterTick","duration":0,"data":{}}
{"simTime":137700,"timestamp":"2026-03-02T18:15:00Z","event":"RouterTick","duration":0,"data":{}}
{"simTime":138600,"timestamp":"2026-03-02T18:30:00Z","event":"RouterTick","duration":0,"data":{}}
{"simTime":139500,"timestamp":"2026-03-02T18:45:00Z","event":"RouterTick","duration":0,"data":{}}
{"simTime":140400,"timestamp":"2026-03-02T19:00:00Z","event":"RouterTick","duration":0,"data":{}}
{"simTime":141300,"timestamp":"2026-03-02T19:15:00Z","event":"RouterTick","duration":0,"data":{}}
{"simTime":142200,"timestamp":"2026-03-02T19:30:00Z","event":"RouterTick","duration":0,"data":{}}
{"simTime":143100,"timestamp":"2026-03-02T19:45:00Z","event":"RouterTick","duration":0,"data":{}}
{"simTime":144000,"timestamp":"2026-03-02T20:00:00Z","event":"RouterTick","duration":0,"data":{}}
{"simTime":144900,"timestamp":"2026-03-02T20:15:00Z","event":"RouterTick","duration":0,"data":{}}
{"simTime":145800,"timestamp":"2026-03-02T20:30:00Z","event":"RouterTick","duration":0,"data":{}}
{"simTime":146700,"timestamp":"2026-03-02T20:45:00Z","event":"RouterTick","duration":0,"data":{}}
{"simTime":147600,"timestamp":"2026-03-02T21:00:00Z","event":"TruckArrival","duration":0,"data":{"shipmentsTakenForShipping":0,"sortingDirection":"dir-1"}}
{"simTime":147600,"timestamp":"2026-03-02T21:00:00Z","event":"RouterTick","duration":0,"data":{}}
{"simTime":148500,"timestamp":"2026-03-02T21:15:00Z","event":"RouterTick","duration":0,"data":{}}
{"simTime":149400,"timestamp":"2026-03-02T21:30:00Z","event":"RouterTick","duration":0,"data":{}}
{"simTime":150300,"timestamp":"2026-03-02T21:45:00Z","event":"RouterTick","duration":0,"data":{}}
{"simTime":151200,"timestamp":"2026-03-02T22:00:00Z","event":"RouterTick","duration":0,"data":{}}
{"simTime":152100,"timestamp":"2026-03-02T22:15:00Z","event":"RouterTick","duration":0,"data":{}}
{"simTime":153000,"timestamp":"2026-03-02T22:30:00Z","event":"RouterTick","duration":0,"data":{}}
{"simTime":153900,"timestamp":"2026-03-02T22:45:00Z","event":"RouterTick","duration":0,"data":{}}
{"simTime":154800,"timestamp":"2026-03-02T23:00:00Z","event":"RouterTick","duration":0,"data":{}}
{"simTime":155700,"timestamp":"2026-03-02T23:15:00Z","event":"RouterTick","duration":0,"data":{}}
{"simTime":156600,"timestamp":"2026-03-02T23:30:00Z","event":"RouterTick","duration":0,"data":{}}
{"simTime":157500,"timestamp":"2026-03-02T23:45:00Z","event":"RouterTick","duration":0,"data":{}}
{"simTime":158400,"timestamp":"2026-03-03T00:00:00Z","event":"PortCloses","duration":0,"data":{"portId":"Port-3","handlingFlags":["fragile"],"gridId":"AS1","intoBreak":false}}
{"simTime":158400,"timestamp":"2026-03-03T00:00:00Z","event":"RouterTick","duration":0,"data":{}}
{"simTime":158400,"timestamp":"2026-03-03T00:00:00Z","event":"PortCloses","duration":0,"data":{"portId":"Port-2","handlingFlags":["priority"],"gridId":"AS1","intoBreak":false}}
{"simTime":158400,"timestamp":"2026-03-03T00:00:00Z","event":"PortCloses","duration":0,"data":{"portId":"Port-1","handlingFlags":[],"gridId":"AS1","intoBreak":false}}
{"simTime":159300,"timestamp":"2026-03-03T00:15:00Z","event":"RouterTick","duration":0,"data":{}}
{"simTime":160200,"timestamp":"2026-03-03T00:30:00Z","event":"RouterTick","duration":0,"data":{}}
{"simTime":161100,"timestamp":"2026-03-03T00:45:00Z","event":"RouterTick","duration":0,"data":{}}
{"simTime":162000,"timestamp":"2026-03-03T01:00:00Z","event":"RouterTick","duration":0,"data":{}}
{"simTime":162900,"timestamp":"2026-03-03T01:15:00Z","event":"RouterTick","duration":0,"data":{}}
{"simTime":163800,"timestamp":"2026-03-03T01:30:00Z","event":"RouterTick","duration":0,"data":{}}
{"simTime":164700,"timestamp":"2026-03-03T01:45:00Z","event":"RouterTick","duration":0,"data":{}}
{"simTime":165600,"timestamp":"2026-03-03T02:00:00Z","event":"RouterTick","duration":0,"data":{}}
{"simTime":166500,"timestamp":"2026-03-03T02:15:00Z","event":"RouterTick","duration":0,"data":{}}
{"simTime":167400,"timestamp":"2026-03-03T02:30:00Z","event":"RouterTick","duration":0,"data":{}}
{"simTime":168300,"timestamp":"2026-03-03T02:45:00Z","event":"RouterTick","duration":0,"data":{}}
{"simTime":169200,"timestamp":"2026-03-03T03:00:00Z","event":"RouterTick","duration":0,"data":{}}
{"simTime":170100,"timestamp":"2026-03-03T03:15:00Z","event":"RouterTick","duration":0,"data":{}}
{"simTime":171000,"timestamp":"2026-03-03T03:30:00Z","event":"RouterTick","duration":0,"data":{}}
{"simTime":171900,"timestamp":"2026-03-03T03:45:00Z","event":"RouterTick","duration":0,"data":{}}
{"simTime":172800,"timestamp":"2026-03-03T04:00:00Z","event":"RouterTick","duration":0,"data":{}}
{"simTime":173700,"timestamp":"2026-03-03T04:15:00Z","event":"RouterTick","duration":0,"data":{}}
{"simTime":174600,"timestamp":"2026-03-03T04:30:00Z","event":"RouterTick","duration":0,"data":{}}
{"simTime":175500,"timestamp":"2026-03-03T04:45:00Z","event":"RouterTick","duration":0,"data":{}}
{"simTime":176400,"timestamp":"2026-03-03T05:00:00Z","event":"RouterTick","duration":0,"data":{}}
{"simTime":177300,"timestamp":"2026-03-03T05:15:00Z","event":"RouterTick","duration":0,"data":{}}
{"simTime":178200,"timestamp":"2026-03-03T05:30:00Z","event":"RouterTick","duration":0,"data":{}}
{"simTime":179100,"timestamp":"2026-03-03T05:45:00Z","event":"RouterTick","duration":0,"data":{}}
{"simTime":180000,"timestamp":"2026-03-03T06:00:00Z","event":"PortOpens","duration":0,"data":{"portId":"Port-1","handlingFlags":[],"gridId":"AS1","fromBreak":false}}
{"simTime":180000,"timestamp":"2026-03-03T06:00:00Z","event":"RouterTick","duration":0,"data":{}}
{"simTime":180000,"timestamp":"2026-03-03T06:00:00Z","event":"PortOpens","duration":0,"data":{"portId":"Port-2","handlingFlags":["priority"],"gridId":"AS1","fromBreak":false}}
{"simTime":180000,"timestamp":"2026-03-03T06:00:00Z","event":"PortOpens","duration":0,"data":{"portId":"Port-3","handlingFlags":["fragile"],"gridId":"AS1","fromBreak":false}}
{"simTime":180900,"timestamp":"2026-03-03T06:15:00Z","event":"RouterTick","duration":0,"data":{}}
{"simTime":181800,"timestamp":"2026-03-03T06:30:00Z","event":"RouterTick","duration":0,"data":{}}
{"simTime":182700,"timestamp":"2026-03-03T06:45:00Z","event":"RouterTick","duration":0,"data":{}}
{"simTime":183600,"timestamp":"2026-03-03T07:00:00Z","event":"RouterTick","duration":0,"data":{}}
{"simTime":184500,"timestamp":"2026-03-03T07:15:00Z","event":"RouterTick","duration":0,"data":{}}
{"simTime":185400,"timestamp":"2026-03-03T07:30:00Z","event":"RouterTick","duration":0,"data":{}}
{"simTime":186300,"timestamp":"2026-03-03T07:45:00Z","event":"RouterTick","duration":0,"data":{}}
{"simTime":187200,"timestamp":"2026-03-03T08:00:00Z","event":"RouterTick","duration":0,"data":{}}
{"simTime":188100,"timestamp":"2026-03-03T08:15:00Z","event":"RouterTick","duration":0,"data":{}}
{"simTime":189000,"timestamp":"2026-03-03T08:30:00Z","event":"RouterTick","duration":0,"data":{}}
{"simTime":189900,"timestamp":"2026-03-03T08:45:00Z","event":"RouterTick","duration":0,"data":{}}
{"simTime":190800,"timestamp":"2026-03-03T09:00:00Z","event":"PortCloses","duration":0,"data":{"portId":"Port-3","handlingFlags":["fragile"],"gridId":"AS1","intoBreak":true}}
{"simTime":190800,"timestamp":"2026-03-03T09:00:00Z","event":"RouterTick","duration":0,"data":{}}
{"simTime":190800,"timestamp":"2026-03-03T09:00:00Z","event":"PortCloses","duration":0,"data":{"portId":"Port-2","handlingFlags":["priority"],"gridId":"AS1","intoBreak":true}}
{"simTime":190800,"timestamp":"2026-03-03T09:00:00Z","event":"PortCloses","duration":0,"data":{"portId":"Port-1","handlingFlags":[],"gridId":"AS1","intoBreak":true}}
{"simTime":191700,"timestamp":"2026-03-03T09:15:00Z","event":"RouterTick","duration":0,"data":{}}
{"simTime":192000,"timestamp":"2026-03-03T09:20:00Z","event":"PortOpens","duration":0,"data":{"portId":"Port-1","handlingFlags":[],"gridId":"AS1","fromBreak":true}}
{"simTime":192000,"timestamp":"2026-03-03T09:20:00Z","event":"PortOpens","duration":0,"data":{"portId":"Port-2","handlingFlags":["priority"],"gridId":"AS1","fromBreak":true}}
{"simTime":192000,"timestamp":"2026-03-03T09:20:00Z","event":"PortOpens","duration":0,"data":{"portId":"Port-3","handlingFlags":["fragile"],"gridId":"AS1","fromBreak":true}}
{"simTime":192600,"timestamp":"2026-03-03T09:30:00Z","event":"RouterTick","duration":0,"data":{}}
{"simTime":193500,"timestamp":"2026-03-03T09:45:00Z","event":"RouterTick","duration":0,"data":{}}
{"simTime":194400,"timestamp":"2026-03-03T10:00:00Z","event":"TruckArrival","duration":0,"data":{"shipmentsTakenForShipping":0,"sortingDirection":"dir-1"}}
{"simTime":194400,"timestamp":"2026-03-03T10:00:00Z","event":"RouterTick","duration":0,"data":{}}
{"simTime":195300,"timestamp":"2026-03-03T10:15:00Z","event":"RouterTick","duration":0,"data":{}}
{"simTime":196200,"timestamp":"2026-03-03T10:30:00Z","event":"RouterTick","duration":0,"data":{}}
{"simTime":197100,"timestamp":"2026-03-03T10:45:00Z","event":"RouterTick","duration":0,"data":{}}
{"simTime":198000,"timestamp":"2026-03-03T11:00:00Z","event":"RouterTick","duration":0,"data":{}}
{"simTime":198900,"timestamp":"2026-03-03T11:15:00Z","event":"RouterTick","duration":0,"data":{}}
{"simTime":199800,"timestamp":"2026-03-03T11:30:00Z","event":"RouterTick","duration":0,"data":{}}
{"simTime":200700,"timestamp":"2026-03-03T11:45:00Z","event":"RouterTick","duration":0,"data":{}}
{"simTime":201600,"timestamp":"2026-03-03T12:00:00Z","event":"RouterTick","duration":0,"data":{}}
{"simTime":202500,"timestamp":"2026-03-03T12:15:00Z","event":"RouterTick","duration":0,"data":{}}
{"simTime":203400,"timestamp":"2026-03-03T12:30:00Z","event":"RouterTick","duration":0,"data":{}}
{"simTime":204300,"timestamp":"2026-03-03T12:45:00Z","event":"RouterTick","duration":0,"data":{}}
{"simTime":205200,"timestamp":"2026-03-03T13:00:00Z","event":"RouterTick","duration":0,"data":{}}
{"simTime":206100,"timestamp":"2026-03-03T13:15:00Z","event":"RouterTick","duration":0,"data":{}}
{"simTime":207000,"timestamp":"2026-03-03T13:30:00Z","event":"RouterTick","duration":0,"data":{}}
{"simTime":207900,"timestamp":"2026-03-03T13:45:00Z","event":"RouterTick","duration":0,"data":{}}
{"simTime":208800,"timestamp":"2026-03-03T14:00:00Z","event":"RouterTick","duration":0,"data":{}}
{"simTime":209700,"timestamp":"2026-03-03T14:15:00Z","event":"RouterTick","duration":0,"data":{}}
{"simTime":210600,"timestamp":"2026-03-03T14:30:00Z","event":"RouterTick","duration":0,"data":{}}
{"simTime":211500,"timestamp":"2026-03-03T14:45:00Z","event":"RouterTick","duration":0,"data":{}}
{"simTime":212400,"timestamp":"2026-03-03T15:00:00Z","event":"TruckArrival","duration":0,"data":{"shipmentsTakenForShipping":0,"sortingDirection":"dir-1"}}
{"simTime":212400,"timestamp":"2026-03-03T15:00:00Z","event":"RouterTick","duration":0,"data":{}}
{"simTime":213300,"timestamp":"2026-03-03T15:15:00Z","event":"RouterTick","duration":0,"data":{}}
{"simTime":214200,"timestamp":"2026-03-03T15:30:00Z","event":"RouterTick","duration":0,"data":{}}
{"simTime":215100,"timestamp":"2026-03-03T15:45:00Z","event":"RouterTick","duration":0,"data":{}}
{"simTime":216000,"timestamp":"2026-03-03T16:00:00Z","event":"RouterTick","duration":0,"data":{}}
{"simTime":216900,"timestamp":"2026-03-03T16:15:00Z","event":"RouterTick","duration":0,"data":{}}
{"simTime":217800,"timestamp":"2026-03-03T16:30:00Z","event":"RouterTick","duration":0,"data":{}}
{"simTime":218700,"timestamp":"2026-03-03T16:45:00Z","event":"RouterTick","duration":0,"data":{}}
{"simTime":219600,"timestamp":"2026-03-03T17:00:00Z","event":"RouterTick","duration":0,"data":{}}
{"simTime":220500,"timestamp":"2026-03-03T17:15:00Z","event":"RouterTick","duration":0,"data":{}}
{"simTime":221400,"timestamp":"2026-03-03T17:30:00Z","event":"RouterTick","duration":0,"data":{}}
{"simTime":222300,"timestamp":"2026-03-03T17:45:00Z","event":"RouterTick","duration":0,"data":{}}
{"simTime":223200,"timestamp":"2026-03-03T18:00:00Z","event":"RouterTick","duration":0,"data":{}}
{"simTime":224100,"timestamp":"2026-03-03T18:15:00Z","event":"RouterTick","duration":0,"data":{}}
{"simTime":225000,"timestamp":"2026-03-03T18:30:00Z","event":"RouterTick","duration":0,"data":{}}
{"simTime":225900,"timestamp":"2026-03-03T18:45:00Z","event":"RouterTick","duration":0,"data":{}}
{"simTime":226800,"timestamp":"2026-03-03T19:00:00Z","event":"RouterTick","duration":0,"data":{}}
{"simTime":227700,"timestamp":"2026-03-03T19:15:00Z","event":"RouterTick","duration":0,"data":{}}
{"simTime":228600,"timestamp":"2026-03-03T19:30:00Z","event":"RouterTick","duration":0,"data":{}}
{"simTime":229500,"timestamp":"2026-03-03T19:45:00Z","event":"RouterTick","duration":0,"data":{}}
{"simTime":230400,"timestamp":"2026-03-03T20:00:00Z","event":"RouterTick","duration":0,"data":{}}
{"simTime":231300,"timestamp":"2026-03-03T20:15:00Z","event":"RouterTick","duration":0,"data":{}}
{"simTime":232200,"timestamp":"2026-03-03T20:30:00Z","event":"RouterTick","duration":0,"data":{}}
{"simTime":233100,"timestamp":"2026-03-03T20:45:00Z","event":"RouterTick","duration":0,"data":{}}
{"simTime":234000,"timestamp":"2026-03-03T21:00:00Z","event":"TruckArrival","duration":0,"data":{"shipmentsTakenForShipping":0,"sortingDirection":"dir-1"}}
{"simTime":234000,"timestamp":"2026-03-03T21:00:00Z","event":"RouterTick","duration":0,"data":{}}
{"simTime":234900,"timestamp":"2026-03-03T21:15:00Z","event":"RouterTick","duration":0,"data":{}}
{"simTime":235800,"timestamp":"2026-03-03T21:30:00Z","event":"RouterTick","duration":0,"data":{}}
{"simTime":236700,"timestamp":"2026-03-03T21:45:00Z","event":"RouterTick","duration":0,"data":{}}
{"simTime":237600,"timestamp":"2026-03-03T22:00:00Z","event":"RouterTick","duration":0,"data":{}}
{"simTime":238500,"timestamp":"2026-03-03T22:15:00Z","event":"RouterTick","duration":0,"data":{}}
{"simTime":239400,"timestamp":"2026-03-03T22:30:00Z","event":"RouterTick","duration":0,"data":{}}
{"simTime":240300,"timestamp":"2026-03-03T22:45:00Z","event":"RouterTick","duration":0,"data":{}}
{"simTime":241200,"timestamp":"2026-03-03T23:00:00Z","event":"RouterTick","duration":0,"data":{}}
{"simTime":242100,"timestamp":"2026-03-03T23:15:00Z","event":"RouterTick","duration":0,"data":{}}
{"simTime":243000,"timestamp":"2026-03-03T23:30:00Z","event":"RouterTick","duration":0,"data":{}}
{"simTime":243900,"timestamp":"2026-03-03T23:45:00Z","event":"RouterTick","duration":0,"data":{}}
